  post_effect.cpp
yoshix_debug.lib(yoshix.obj) : warning LNK4099: PDB "yoshix.pdb" wurde nicht mit "yoshix_debug.lib(yoshix.obj)" oder an "D:\Studium\GDV2\workspace\GDV2\gdv_vs2019\projects\build\win32\example\Debug\yoshix.pdb" gefunden; Objekt wird verknüpft, als ob keine Debuginformationen vorhanden wären.
yoshix_debug.lib(yoshix_constant_buffer_manager.obj) : warning LNK4099: PDB "yoshix.pdb" wurde nicht mit "yoshix_debug.lib(yoshix_constant_buffer_manager.obj)" oder an "D:\Studium\GDV2\workspace\GDV2\gdv_vs2019\projects\build\win32\example\Debug\yoshix.pdb" gefunden; Objekt wird verknüpft, als ob keine Debuginformationen vorhanden wären.
yoshix_debug.lib(yoshix_log.obj) : warning LNK4099: PDB "yoshix.pdb" wurde nicht mit "yoshix_debug.lib(yoshix_log.obj)" oder an "D:\Studium\GDV2\workspace\GDV2\gdv_vs2019\projects\build\win32\example\Debug\yoshix.pdb" gefunden; Objekt wird verknüpft, als ob keine Debuginformationen vorhanden wären.
yoshix_debug.lib(yoshix_main.obj) : warning LNK4099: PDB "yoshix.pdb" wurde nicht mit "yoshix_debug.lib(yoshix_main.obj)" oder an "D:\Studium\GDV2\workspace\GDV2\gdv_vs2019\projects\build\win32\example\Debug\yoshix.pdb" gefunden; Objekt wird verknüpft, als ob keine Debuginformationen vorhanden wären.
yoshix_debug.lib(yoshix_material_manager.obj) : warning LNK4099: PDB "yoshix.pdb" wurde nicht mit "yoshix_debug.lib(yoshix_material_manager.obj)" oder an "D:\Studium\GDV2\workspace\GDV2\gdv_vs2019\projects\build\win32\example\Debug\yoshix.pdb" gefunden; Objekt wird verknüpft, als ob keine Debuginformationen vorhanden wären.
yoshix_debug.lib(yoshix_math.obj) : warning LNK4099: PDB "yoshix.pdb" wurde nicht mit "yoshix_debug.lib(yoshix_math.obj)" oder an "D:\Studium\GDV2\workspace\GDV2\gdv_vs2019\projects\build\win32\example\Debug\yoshix.pdb" gefunden; Objekt wird verknüpft, als ob keine Debuginformationen vorhanden wären.
yoshix_debug.lib(yoshix_mesh.obj) : warning LNK4099: PDB "yoshix.pdb" wurde nicht mit "yoshix_debug.lib(yoshix_mesh.obj)" oder an "D:\Studium\GDV2\workspace\GDV2\gdv_vs2019\projects\build\win32\example\Debug\yoshix.pdb" gefunden; Objekt wird verknüpft, als ob keine Debuginformationen vorhanden wären.
yoshix_debug.lib(yoshix_material.obj) : warning LNK4099: PDB "yoshix.pdb" wurde nicht mit "yoshix_debug.lib(yoshix_material.obj)" oder an "D:\Studium\GDV2\workspace\GDV2\gdv_vs2019\projects\build\win32\example\Debug\yoshix.pdb" gefunden; Objekt wird verknüpft, als ob keine Debuginformationen vorhanden wären.
yoshix_debug.lib(yoshix_constant_buffer.obj) : warning LNK4099: PDB "yoshix.pdb" wurde nicht mit "yoshix_debug.lib(yoshix_constant_buffer.obj)" oder an "D:\Studium\GDV2\workspace\GDV2\gdv_vs2019\projects\build\win32\example\Debug\yoshix.pdb" gefunden; Objekt wird verknüpft, als ob keine Debuginformationen vorhanden wären.
yoshix_debug.lib(yoshix_input_layout.obj) : warning LNK4099: PDB "yoshix.pdb" wurde nicht mit "yoshix_debug.lib(yoshix_input_layout.obj)" oder an "D:\Studium\GDV2\workspace\GDV2\gdv_vs2019\projects\build\win32\example\Debug\yoshix.pdb" gefunden; Objekt wird verknüpft, als ob keine Debuginformationen vorhanden wären.
yoshix_debug.lib(yoshix_mesh_manager.obj) : warning LNK4099: PDB "" wurde nicht mit "yoshix_debug.lib(yoshix_mesh_manager.obj)" oder an "" gefunden; Objekt wird verknüpft, als ob keine Debuginformationen vorhanden wären.
yoshix_debug.lib(yoshix_pixel_shader.obj) : warning LNK4099: PDB "yoshix.pdb" wurde nicht mit "yoshix_debug.lib(yoshix_pixel_shader.obj)" oder an "D:\Studium\GDV2\workspace\GDV2\gdv_vs2019\projects\build\win32\example\Debug\yoshix.pdb" gefunden; Objekt wird verknüpft, als ob keine Debuginformationen vorhanden wären.
yoshix_debug.lib(yoshix_texture_2d.obj) : warning LNK4099: PDB "yoshix.pdb" wurde nicht mit "yoshix_debug.lib(yoshix_texture_2d.obj)" oder an "D:\Studium\GDV2\workspace\GDV2\gdv_vs2019\projects\build\win32\example\Debug\yoshix.pdb" gefunden; Objekt wird verknüpft, als ob keine Debuginformationen vorhanden wären.
yoshix_debug.lib(yoshix_texture_manager.obj) : warning LNK4099: PDB "yoshix.pdb" wurde nicht mit "yoshix_debug.lib(yoshix_texture_manager.obj)" oder an "D:\Studium\GDV2\workspace\GDV2\gdv_vs2019\projects\build\win32\example\Debug\yoshix.pdb" gefunden; Objekt wird verknüpft, als ob keine Debuginformationen vorhanden wären.
yoshix_debug.lib(yoshix_vertex_shader.obj) : warning LNK4099: PDB "yoshix.pdb" wurde nicht mit "yoshix_debug.lib(yoshix_vertex_shader.obj)" oder an "D:\Studium\GDV2\workspace\GDV2\gdv_vs2019\projects\build\win32\example\Debug\yoshix.pdb" gefunden; Objekt wird verknüpft, als ob keine Debuginformationen vorhanden wären.
yoshix_debug.lib(yoshix_shader_manager.obj) : warning LNK4099: PDB "yoshix.pdb" wurde nicht mit "yoshix_debug.lib(yoshix_shader_manager.obj)" oder an "D:\Studium\GDV2\workspace\GDV2\gdv_vs2019\projects\build\win32\example\Debug\yoshix.pdb" gefunden; Objekt wird verknüpft, als ob keine Debuginformationen vorhanden wären.
  example.vcxproj -> D:\Studium\GDV2\workspace\GDV2\gdv_vs2019\projects\build\win32\example\Debug\example_debug.exe
  ..\build\win32\example\Debug\example_debug.exe
          1 Datei(en) kopiert.
